Determining if the pthread_create exist failed with the following output:
Change Dir: /home/marlon/catkin_ws/build/CMakeFiles/CMakeTmp

Run Build Command:/usr/bin/make "cmTryCompileExec3957722245/fast"
/usr/bin/make -f CMakeFiles/cmTryCompileExec3957722245.dir/build.make CMakeFiles/cmTryCompileExec3957722245.dir/build
make[1]: Verzeichnis »/home/marlon/catkin_ws/build/CMakeFiles/CMakeTmp« wird betreten
/usr/bin/cmake -E cmake_progress_report /home/marlon/catkin_ws/build/CMakeFiles/CMakeTmp/CMakeFiles 1
Building C object CMakeFiles/cmTryCompileExec3957722245.dir/CheckSymbolExists.c.o
/usr/bin/cc    -o CMakeFiles/cmTryCompileExec3957722245.dir/CheckSymbolExists.c.o   -c /home/marlon/catkin_ws/build/CMakeFiles/CMakeTmp/CheckSymbolExists.c
Linking C executable cmTryCompileExec3957722245
/usr/bin/cmake -E cmake_link_script CMakeFiles/cmTryCompileExec3957722245.dir/link.txt --verbose=1
/usr/bin/cc       CMakeFiles/cmTryCompileExec3957722245.dir/CheckSymbolExists.c.o  -o cmTryCompileExec3957722245 -rdynamic 
CMakeFiles/cmTryCompileExec3957722245.dir/CheckSymbolExists.c.o: In Funktion `main':
CheckSymbolExists.c:(.text+0x16): Nicht definierter Verweis auf `pthread_create'
collect2: error: ld returned 1 exit status
make[1]: *** [cmTryCompileExec3957722245] Fehler 1
make[1]: Verzeichnis »/home/marlon/catkin_ws/build/CMakeFiles/CMakeTmp« wird verlassen
make: *** [cmTryCompileExec3957722245/fast] Fehler 2

File /home/marlon/catkin_ws/build/CMakeFiles/CMakeTmp/CheckSymbolExists.c:
/* */
#include <pthread.h>

int main(int argc, char** argv)
{
  (void)argv;
#ifndef pthread_create
  return ((int*)(&pthread_create))[argc];
#else
  (void)argc;
  return 0;
#endif
}

Determining if the function pthread_create exists in the pthreads failed with the following output:
Change Dir: /home/marlon/catkin_ws/build/CMakeFiles/CMakeTmp

Run Build Command:/usr/bin/make "cmTryCompileExec2882328120/fast"
/usr/bin/make -f CMakeFiles/cmTryCompileExec2882328120.dir/build.make CMakeFiles/cmTryCompileExec2882328120.dir/build
make[1]: Verzeichnis »/home/marlon/catkin_ws/build/CMakeFiles/CMakeTmp« wird betreten
/usr/bin/cmake -E cmake_progress_report /home/marlon/catkin_ws/build/CMakeFiles/CMakeTmp/CMakeFiles 1
Building C object CMakeFiles/cmTryCompileExec2882328120.dir/CheckFunctionExists.c.o
/usr/bin/cc   -DCHECK_FUNCTION_EXISTS=pthread_create   -o CMakeFiles/cmTryCompileExec2882328120.dir/CheckFunctionExists.c.o   -c /usr/share/cmake-2.8/Modules/CheckFunctionExists.c
Linking C executable cmTryCompileExec2882328120
/usr/bin/cmake -E cmake_link_script CMakeFiles/cmTryCompileExec2882328120.dir/link.txt --verbose=1
/usr/bin/cc   -DCHECK_FUNCTION_EXISTS=pthread_create    CMakeFiles/cmTryCompileExec2882328120.dir/CheckFunctionExists.c.o  -o cmTryCompileExec2882328120 -rdynamic -lpthreads 
/usr/bin/ld: cannot find -lpthreads
collect2: error: ld returned 1 exit status
make[1]: *** [cmTryCompileExec2882328120] Fehler 1
make[1]: Verzeichnis »/home/marlon/catkin_ws/build/CMakeFiles/CMakeTmp« wird verlassen
make: *** [cmTryCompileExec2882328120/fast] Fehler 2


